<?xml version="1.0" encoding="UTF-8"?>
<testsuite name="application.domain.repositories.UserRepositoryTest" tests="1" skipped="0" failures="0" errors="0" timestamp="2020-10-28T21:23:06" hostname="phellipe" time="0.307">
  <properties/>
  <testcase name="Should save a user()" classname="application.domain.repositories.UserRepositoryTest" time="0.307"/>
  <system-out><![CDATA[]]></system-out>
  <system-err><![CDATA[[Test worker] INFO com.zaxxer.hikari.HikariDataSource - HikariPool-1 - Starting...
[Test worker] INFO com.zaxxer.hikari.HikariDataSource - HikariPool-1 - Start completed.
]]></system-err>
</testsuite>
