<?xml version="1.0" encoding="UTF-8"?>
<testsuite name="application.domain.repositories.UserRepositoryTest" tests="3" skipped="0" failures="0" errors="0" timestamp="2020-10-28T21:30:47" hostname="phellipe" time="0.424">
  <properties/>
  <testcase name="Should dont return a user by email()" classname="application.domain.repositories.UserRepositoryTest" time="0.283"/>
  <testcase name="Should save a user()" classname="application.domain.repositories.UserRepositoryTest" time="0.037"/>
  <testcase name="Should return a user by email()" classname="application.domain.repositories.UserRepositoryTest" time="0.022"/>
  <system-out><![CDATA[]]></system-out>
  <system-err><![CDATA[[Test worker] INFO com.zaxxer.hikari.HikariDataSource - HikariPool-1 - Starting...
[Test worker] INFO com.zaxxer.hikari.HikariDataSource - HikariPool-1 - Start completed.
[Test worker] INFO com.zaxxer.hikari.HikariDataSource - HikariPool-2 - Starting...
[Test worker] INFO com.zaxxer.hikari.HikariDataSource - HikariPool-2 - Start completed.
[Test worker] INFO com.zaxxer.hikari.HikariDataSource - HikariPool-3 - Starting...
[Test worker] INFO com.zaxxer.hikari.HikariDataSource - HikariPool-3 - Start completed.
]]></system-err>
</testsuite>
